<?xml version="1.0" encoding="UTF-8"?>
<testsuites name="TS - Final Assignment - Add and Search barang" time="77.632" tests="2" failures="0" errors="0">
   <testsuite name="TS - Final Assignment - Add and Search barang" tests="2" failures="0" errors="0" time="77.632" skipped="0" timestamp="12-02-2024T13:16:54" hostname="admin - 172.16.213.220" id="Test Suites/TS - Final Assignment - Add and Search barang">
      <properties>
         <property name="deviceName" value=""/>
         <property name="devicePlatform" value=""/>
         <property name="logFolder" value="/Users/admin/git/assignment/Reports/20240212_131643/TS - Final Assignment - Add and Search barang/20240212_131644"/>
         <property name="logFiles" value="/Users/admin/git/assignment/Reports/20240212_131643/TS - Final Assignment - Add and Search barang/20240212_131644/execution0.log"/>
         <property name="attachments" value=""/>
         <property name="hostName" value="admin - 172.16.213.220"/>
         <property name="os" value="Mac OS X 64bit"/>
         <property name="katalonVersion" value="9.3.0.212"/>
         <property name="browser" value="Chrome 117.0.0.0"/>
         <property name="hostAddress" value="172.16.213.220"/>
         <property name="sessionId" value="0ca6d2651b73f78bde5f16a9298449ac"/>
         <property name="seleniumVersion" value="3.141.59"/>
         <property name="proxyInformation" value="ProxyInformation { proxyOption=NO_PROXY, proxyServerType=HTTP, username=, password=********, proxyServerAddress=, proxyServerPort=0, executionList=&quot;&quot;, isApplyToDesiredCapabilities=true }"/>
         <property name="platform" value="Mac OS X"/>
      </properties>
      <testcase name="Test Cases/Final Assignment - Melakukan pencarian" time="17.45" classname="Test Cases/Final Assignment - Melakukan pencarian" status="PASSED">
         <system-out><![CDATA[12-02-2024T13:17:13 - [TEST_CASE][PASSED] - Test Cases/Final Assignment - Melakukan pencarian: Test Cases/Final Assignment - Melakukan pencarian

12-02-2024T13:17:13 - [TEST_STEP][PASSED] - openBrowser(""): Browser is opened with url: ''

12-02-2024T13:17:13 - [MESSAGE][WARNING] - A browser is already opened. Closing browser and opening a new one

12-02-2024T13:17:13 - [MESSAGE][INFO] - Starting 'Chrome' driver

12-02-2024T13:17:13 - [MESSAGE][INFO] - Action delay is set to 0 milliseconds

12-02-2024T13:17:14 - [MESSAGE][PASSED] - Browser is opened with url: ''

12-02-2024T13:17:14 - [TEST_STEP][PASSED] - navigateToUrl("https://advantageonlineshopping.com/#/"): Navigate to 'https://advantageonlineshopping.com/#/' successfully

12-02-2024T13:17:17 - [MESSAGE][PASSED] - Navigate to 'https://advantageonlineshopping.com/#/' successfully

12-02-2024T13:17:17 - [TEST_STEP][PASSED] - maximizeWindow(): Current window maximized

12-02-2024T13:17:17 - [MESSAGE][PASSED] - Current window maximized

12-02-2024T13:17:17 - [TEST_STEP][PASSED] - click(findTestObject("Object Repository/Page_Advantage Shopping/svg_Sign out_menuSearch")): Object: 'Object Repository/Page_Advantage Shopping/svg_Sign out_menuSearch' is clicked on

12-02-2024T13:17:21 - [MESSAGE][PASSED] - Object: 'Object Repository/Page_Advantage Shopping/svg_Sign out_menuSearch' is clicked on

12-02-2024T13:17:21 - [TEST_STEP][PASSED] - setText(findTestObject("Object Repository/Page_Advantage Shopping/input_Sign out_autoComplete"), "HP"): Text 'HP' is set on object 'Object Repository/Page_Advantage Shopping/input_Sign out_autoComplete'

12-02-2024T13:17:22 - [MESSAGE][PASSED] - Text 'HP' is set on object 'Object Repository/Page_Advantage Shopping/input_Sign out_autoComplete'

12-02-2024T13:17:22 - [TEST_STEP][PASSED] - click(findTestObject("Page_Advantage Shopping/Page_Advantage Shopping/section_HP H2310 IN-EAR HEADSET              13.99                SOLD OUT")): Object: 'Object Repository/Page_Advantage Shopping/Page_Advantage Shopping/section_HP H2310 IN-EAR HEADSET              13.99                SOLD OUT' is clicked on

12-02-2024T13:17:30 - [MESSAGE][PASSED] - Object: 'Object Repository/Page_Advantage Shopping/Page_Advantage Shopping/section_HP H2310 IN-EAR HEADSET              13.99                SOLD OUT' is clicked on

12-02-2024T13:17:30 - [TEST_STEP][PASSED] - closeBrowser(): Browser is closed

12-02-2024T13:17:30 - [MESSAGE][PASSED] - Browser is closed]]></system-out>
         <system-err><![CDATA[]]></system-err>
      </testcase>
      <testcase name="Test Cases/Final assognment - Add to chart" time="21.148" classname="Test Cases/Final assognment - Add to chart" status="PASSED">
         <system-out><![CDATA[12-02-2024T13:17:50 - [TEST_CASE][PASSED] - Test Cases/Final assognment - Add to chart: Test Cases/Final assognment - Add to chart

12-02-2024T13:17:50 - [TEST_STEP][PASSED] - openBrowser(""): Browser is opened with url: ''

12-02-2024T13:17:50 - [MESSAGE][WARNING] - A browser is already opened. Closing browser and opening a new one

12-02-2024T13:17:51 - [MESSAGE][INFO] - Starting 'Chrome' driver

12-02-2024T13:17:51 - [MESSAGE][INFO] - Action delay is set to 0 milliseconds

12-02-2024T13:17:51 - [MESSAGE][PASSED] - Browser is opened with url: ''

12-02-2024T13:17:51 - [TEST_STEP][PASSED] - navigateToUrl("https://advantageonlineshopping.com/#/"): Navigate to 'https://advantageonlineshopping.com/#/' successfully

12-02-2024T13:17:54 - [MESSAGE][PASSED] - Navigate to 'https://advantageonlineshopping.com/#/' successfully

12-02-2024T13:17:54 - [TEST_STEP][PASSED] - maximizeWindow(): Current window maximized

12-02-2024T13:17:55 - [MESSAGE][PASSED] - Current window maximized

12-02-2024T13:17:55 - [TEST_STEP][PASSED] - delay(1, STOP_ON_FAILURE): Delayed 1 second(s)

12-02-2024T13:17:56 - [MESSAGE][PASSED] - Delayed 1 second(s)

12-02-2024T13:17:56 - [TEST_STEP][PASSED] - click(findTestObject("Object Repository/add to chart/Page_Advantage Shopping/img_View Details_popular_item_21_img")): Object: 'Object Repository/add to chart/Page_Advantage Shopping/img_View Details_popular_item_21_img' is clicked on

12-02-2024T13:17:59 - [MESSAGE][PASSED] - Object: 'Object Repository/add to chart/Page_Advantage Shopping/img_View Details_popular_item_21_img' is clicked on

12-02-2024T13:17:59 - [TEST_STEP][PASSED] - click(findTestObject("Object Repository/add to chart/Page_Advantage Shopping/label_View Details")): Object: 'Object Repository/add to chart/Page_Advantage Shopping/label_View Details' is clicked on

12-02-2024T13:17:59 - [MESSAGE][PASSED] - Object: 'Object Repository/add to chart/Page_Advantage Shopping/label_View Details' is clicked on

12-02-2024T13:17:59 - [TEST_STEP][PASSED] - click(findTestObject("Object Repository/add to chart/Page_Advantage Shopping/div_Quantity_plus")): Object: 'Object Repository/add to chart/Page_Advantage Shopping/div_Quantity_plus' is clicked on

12-02-2024T13:18:04 - [MESSAGE][PASSED] - Object: 'Object Repository/add to chart/Page_Advantage Shopping/div_Quantity_plus' is clicked on

12-02-2024T13:18:04 - [TEST_STEP][PASSED] - click(findTestObject("Object Repository/add to chart/Page_Advantage Shopping/span_Color_bunny")): Object: 'Object Repository/add to chart/Page_Advantage Shopping/span_Color_bunny' is clicked on

12-02-2024T13:18:04 - [MESSAGE][PASSED] - Object: 'Object Repository/add to chart/Page_Advantage Shopping/span_Color_bunny' is clicked on

12-02-2024T13:18:04 - [TEST_STEP][PASSED] - click(findTestObject("Object Repository/add to chart/Page_Advantage Shopping/button_ADD TO CART")): Object: 'Object Repository/add to chart/Page_Advantage Shopping/button_ADD TO CART' is clicked on

12-02-2024T13:18:05 - [MESSAGE][PASSED] - Object: 'Object Repository/add to chart/Page_Advantage Shopping/button_ADD TO CART' is clicked on

12-02-2024T13:18:05 - [TEST_STEP][PASSED] - delay(1): Delayed 1 second(s)

12-02-2024T13:18:06 - [MESSAGE][PASSED] - Delayed 1 second(s)

12-02-2024T13:18:06 - [TEST_STEP][PASSED] - click(findTestObject("Object Repository/add to chart/Page_Advantage Shopping/svg_Management Console_menuCart")): Object: 'Object Repository/add to chart/Page_Advantage Shopping/svg_Management Console_menuCart' is clicked on

12-02-2024T13:18:06 - [MESSAGE][PASSED] - Object: 'Object Repository/add to chart/Page_Advantage Shopping/svg_Management Console_menuCart' is clicked on

12-02-2024T13:18:06 - [TEST_STEP][PASSED] - click(findTestObject("Object Repository/add to chart/Page_Advantage Shopping/div_Advantage Inc, 2024. Release 3.2_virtualFooter")): Object: 'Object Repository/add to chart/Page_Advantage Shopping/div_Advantage Inc, 2024. Release 3.2_virtualFooter' is clicked on

12-02-2024T13:18:12 - [MESSAGE][PASSED] - Object: 'Object Repository/add to chart/Page_Advantage Shopping/div_Advantage Inc, 2024. Release 3.2_virtualFooter' is clicked on]]></system-out>
         <system-err><![CDATA[]]></system-err>
      </testcase>
      <system-out><![CDATA[12-02-2024T13:16:54 - [TEST_SUITE][FAILED] - TS - Final Assignment - Add and Search barang: Test Cases/Final Assignment - Melakukan pencarian FAILED.
Reason:
com.kms.katalon.core.exception.StepFailedException: Unable to click on object 'Object Repository/Page_Advantage Shopping/Page_Advantage Shopping/section_HP H2310 IN-EAR HEADSET              13.99                SOLD OUT'
	at com.kms.katalon.core.webui.keyword.internal.WebUIKeywordMain.stepFailed(WebUIKeywordMain.groovy:64)
	at com.kms.katalon.core.webui.keyword.internal.WebUIKeywordMain.runKeyword(WebUIKeywordMain.groovy:26)
	at com.kms.katalon.core.webui.keyword.builtin.ClickKeyword.click(ClickKeyword.groovy:74)
	at com.kms.katalon.core.webui.keyword.builtin.ClickKeyword.execute(ClickKeyword.groovy:40)
	at com.kms.katalon.core.keyword.internal.KeywordExecutor.executeKeywordForPlatform(KeywordExecutor.groovy:74)
	at com.kms.katalon.core.webui.keyword.WebUiBuiltInKeywords.click(WebUiBuiltInKeywords.groovy:659)
	at Final Assignment - Melakukan pencarian.run(Final Assignment - Melakukan pencarian:30)
	at com.kms.katalon.core.main.ScriptEngine.run(ScriptEngine.java:194)
	at com.kms.katalon.core.main.ScriptEngine.runScriptAsRawText(ScriptEngine.java:119)
	at com.kms.katalon.core.main.TestCaseExecutor.runScript(TestCaseExecutor.java:448)
	at com.kms.katalon.core.main.TestCaseExecutor.doExecute(TestCaseExecutor.java:439)
	at com.kms.katalon.core.main.TestCaseExecutor.processExecutionPhase(TestCaseExecutor.java:418)
	at com.kms.katalon.core.main.TestCaseExecutor.accessMainPhase(TestCaseExecutor.java:410)
	at com.kms.katalon.core.main.TestCaseExecutor.execute(TestCaseExecutor.java:285)
	at com.kms.katalon.core.common.CommonExecutor.accessTestCaseMainPhase(CommonExecutor.java:65)
	at com.kms.katalon.core.main.TestSuiteExecutor.accessTestSuiteMainPhase(TestSuiteExecutor.java:148)
	at com.kms.katalon.core.main.TestSuiteExecutor.execute(TestSuiteExecutor.java:106)
	at com.kms.katalon.core.main.TestCaseMain.startTestSuite(TestCaseMain.java:180)
	at TempTestSuite1707718604719.run(TempTestSuite1707718604719.groovy:36)
	at java.base/jdk.internal.reflect.NativeMethodAccessorImpl.invoke0(Native Method)
	at java.base/jdk.internal.reflect.NativeMethodAccessorImpl.invoke(NativeMethodAccessorImpl.java:77)
	at java.base/jdk.internal.reflect.DelegatingMethodAccessorImpl.invoke(DelegatingMethodAccessorImpl.java:43)
Caused by: org.openqa.selenium.NoSuchWindowException: no such window: target window already closed
from unknown error: web view not found
  (Session info: chrome=117.0.5938.132)
Build info: version: '3.141.59', revision: 'e82be7d358', time: '2018-11-14T08:25:53'
System info: host: 'Admins-MacBook-Pro.local', ip: 'fe80:0:0:0:14ff:2403:b080:28c8%en0', os.name: 'Mac OS X', os.arch: 'aarch64', os.version: '14.3', java.version: '17.0.7'
Driver info: com.kms.katalon.selenium.driver.CChromeDriver
Capabilities {acceptInsecureCerts: false, browserName: chrome, browserVersion: 117.0.5938.132, chrome: {chromedriverVersion: 117.0.5938.149 (e3344ddefa1..., userDataDir: /var/folders/r1/7_mb_1713j7...}, fedcm:accounts: true, goog:chromeOptions: {debuggerAddress: localhost:65198}, javascriptEnabled: true, networkConnectionEnabled: false, pageLoadStrategy: normal, platform: MAC, platformName: MAC, proxy: Proxy(), setWindowRect: true, strictFileInteractability: false, timeouts: {implicit: 0, pageLoad: 300000, script: 30000}, unhandledPromptBehavior: dismiss and notify, webauthn:extension:credBlob: true, webauthn:extension:largeBlob: true, webauthn:extension:minPinLength: true, webauthn:extension:prf: true, webauthn:virtualAuthenticators: true}
Session ID: e0631fb01502a3ba41e5efd6234e8e9b
*** Element info: {Using=xpath, value=(.//*[normalize-space(text()) and normalize-space(.)='HP H2310 IN-EAR HEADSET'])[1]/following::section[1]}
	at java.base/jdk.internal.reflect.NativeConstructorAccessorImpl.newInstance0(Native Method)
	at java.base/jdk.internal.reflect.NativeConstructorAccessorImpl.newInstance(NativeConstructorAccessorImpl.java:77)
	at java.base/jdk.internal.reflect.DelegatingConstructorAccessorImpl.newInstance(DelegatingConstructorAccessorImpl.java:45)
	at org.openqa.selenium.remote.http.W3CHttpResponseCodec.createException(W3CHttpResponseCodec.java:187)
	at org.openqa.selenium.remote.http.W3CHttpResponseCodec.decode(W3CHttpResponseCodec.java:122)
	at org.openqa.selenium.remote.http.W3CHttpResponseCodec.decode(W3CHttpResponseCodec.java:49)
	at org.openqa.selenium.remote.HttpCommandExecutor.execute(HttpCommandExecutor.java:158)
	at org.openqa.selenium.remote.service.DriverCommandExecutor.execute(DriverCommandExecutor.java:83)
	at org.openqa.selenium.remote.RemoteWebDriver.execute(RemoteWebDriver.java:552)
	at com.kms.katalon.selenium.driver.CChromeDriver.execute(CChromeDriver.java:19)
	at org.openqa.selenium.remote.RemoteWebDriver.findElements(RemoteWebDriver.java:353)
	at org.openqa.selenium.remote.RemoteWebDriver.findElementsByXPath(RemoteWebDriver.java:432)
	at org.openqa.selenium.By$ByXPath.findElements(By.java:348)
	at org.openqa.selenium.remote.RemoteWebDriver.findElements(RemoteWebDriver.java:311)
	at java.base/jdk.internal.reflect.NativeMethodAccessorImpl.invoke0(Native Method)
	at java.base/jdk.internal.reflect.NativeMethodAccessorImpl.invoke(NativeMethodAccessorImpl.java:77)
	at java.base/jdk.internal.reflect.DelegatingMethodAccessorImpl.invoke(DelegatingMethodAccessorImpl.java:43)
	at org.openqa.selenium.support.events.EventFiringWebDriver.lambda$new$1(EventFiringWebDriver.java:105)
	at jdk.proxy2/jdk.proxy2.$Proxy23.findElements(Unknown Source)
	at org.openqa.selenium.support.events.EventFiringWebDriver.findElements(EventFiringWebDriver.java:182)
	at com.kms.katalon.core.webui.common.WebUiCommonHelper.findElementByNormalMethods(WebUiCommonHelper.java:1025)
	at com.kms.katalon.core.webui.common.WebUiCommonHelper.findElementsBySelectedMethod(WebUiCommonHelper.java:915)
	at com.kms.katalon.core.webui.common.WebUiCommonHelper.findElementsBySelectedMethod(WebUiCommonHelper.java:897)
	at com.kms.katalon.core.webui.common.WebUiCommonHelper.findElementsBySelectedMethod(WebUiCommonHelper.java:892)
	at com.kms.katalon.core.webui.common.WebUiCommonHelper.findElementsByDefault(WebUiCommonHelper.java:888)
	at com.kms.katalon.core.webui.common.WebUiCommonHelper.findElementsWithSelfHealing(WebUiCommonHelper.java:734)
	at com.kms.katalon.core.webui.common.WebUiCommonHelper.findWebElements(WebUiCommonHelper.java:718)
	at com.kms.katalon.core.webui.common.WebUiCommonHelper.findWebElement(WebUiCommonHelper.java:1374)
	at com.kms.katalon.core.webui.keyword.internal.WebUIAbstractKeyword.findWebElement(WebUIAbstractKeyword.groovy:27)
	at com.kms.katalon.core.webui.keyword.builtin.ClickKeyword$_click_closure1.doCall(ClickKeyword.groovy:65)
	at com.kms.katalon.core.webui.keyword.builtin.ClickKeyword$_click_closure1.call(ClickKeyword.groovy)
	at com.kms.katalon.core.webui.keyword.internal.WebUIKeywordMain.runKeyword(WebUIKeywordMain.groovy:20)
	... 20 more]]></system-out>
      <system-err><![CDATA[12-02-2024T13:16:54 - [TEST_SUITE][FAILED] - TS - Final Assignment - Add and Search barang: Test Cases/Final Assignment - Melakukan pencarian FAILED.
Reason:
com.kms.katalon.core.exception.StepFailedException: Unable to click on object 'Object Repository/Page_Advantage Shopping/Page_Advantage Shopping/section_HP H2310 IN-EAR HEADSET              13.99                SOLD OUT'
	at com.kms.katalon.core.webui.keyword.internal.WebUIKeywordMain.stepFailed(WebUIKeywordMain.groovy:64)
	at com.kms.katalon.core.webui.keyword.internal.WebUIKeywordMain.runKeyword(WebUIKeywordMain.groovy:26)
	at com.kms.katalon.core.webui.keyword.builtin.ClickKeyword.click(ClickKeyword.groovy:74)
	at com.kms.katalon.core.webui.keyword.builtin.ClickKeyword.execute(ClickKeyword.groovy:40)
	at com.kms.katalon.core.keyword.internal.KeywordExecutor.executeKeywordForPlatform(KeywordExecutor.groovy:74)
	at com.kms.katalon.core.webui.keyword.WebUiBuiltInKeywords.click(WebUiBuiltInKeywords.groovy:659)
	at Final Assignment - Melakukan pencarian.run(Final Assignment - Melakukan pencarian:30)
	at com.kms.katalon.core.main.ScriptEngine.run(ScriptEngine.java:194)
	at com.kms.katalon.core.main.ScriptEngine.runScriptAsRawText(ScriptEngine.java:119)
	at com.kms.katalon.core.main.TestCaseExecutor.runScript(TestCaseExecutor.java:448)
	at com.kms.katalon.core.main.TestCaseExecutor.doExecute(TestCaseExecutor.java:439)
	at com.kms.katalon.core.main.TestCaseExecutor.processExecutionPhase(TestCaseExecutor.java:418)
	at com.kms.katalon.core.main.TestCaseExecutor.accessMainPhase(TestCaseExecutor.java:410)
	at com.kms.katalon.core.main.TestCaseExecutor.execute(TestCaseExecutor.java:285)
	at com.kms.katalon.core.common.CommonExecutor.accessTestCaseMainPhase(CommonExecutor.java:65)
	at com.kms.katalon.core.main.TestSuiteExecutor.accessTestSuiteMainPhase(TestSuiteExecutor.java:148)
	at com.kms.katalon.core.main.TestSuiteExecutor.execute(TestSuiteExecutor.java:106)
	at com.kms.katalon.core.main.TestCaseMain.startTestSuite(TestCaseMain.java:180)
	at TempTestSuite1707718604719.run(TempTestSuite1707718604719.groovy:36)
	at java.base/jdk.internal.reflect.NativeMethodAccessorImpl.invoke0(Native Method)
	at java.base/jdk.internal.reflect.NativeMethodAccessorImpl.invoke(NativeMethodAccessorImpl.java:77)
	at java.base/jdk.internal.reflect.DelegatingMethodAccessorImpl.invoke(DelegatingMethodAccessorImpl.java:43)
Caused by: org.openqa.selenium.NoSuchWindowException: no such window: target window already closed
from unknown error: web view not found
  (Session info: chrome=117.0.5938.132)
Build info: version: '3.141.59', revision: 'e82be7d358', time: '2018-11-14T08:25:53'
System info: host: 'Admins-MacBook-Pro.local', ip: 'fe80:0:0:0:14ff:2403:b080:28c8%en0', os.name: 'Mac OS X', os.arch: 'aarch64', os.version: '14.3', java.version: '17.0.7'
Driver info: com.kms.katalon.selenium.driver.CChromeDriver
Capabilities {acceptInsecureCerts: false, browserName: chrome, browserVersion: 117.0.5938.132, chrome: {chromedriverVersion: 117.0.5938.149 (e3344ddefa1..., userDataDir: /var/folders/r1/7_mb_1713j7...}, fedcm:accounts: true, goog:chromeOptions: {debuggerAddress: localhost:65198}, javascriptEnabled: true, networkConnectionEnabled: false, pageLoadStrategy: normal, platform: MAC, platformName: MAC, proxy: Proxy(), setWindowRect: true, strictFileInteractability: false, timeouts: {implicit: 0, pageLoad: 300000, script: 30000}, unhandledPromptBehavior: dismiss and notify, webauthn:extension:credBlob: true, webauthn:extension:largeBlob: true, webauthn:extension:minPinLength: true, webauthn:extension:prf: true, webauthn:virtualAuthenticators: true}
Session ID: e0631fb01502a3ba41e5efd6234e8e9b
*** Element info: {Using=xpath, value=(.//*[normalize-space(text()) and normalize-space(.)='HP H2310 IN-EAR HEADSET'])[1]/following::section[1]}
	at java.base/jdk.internal.reflect.NativeConstructorAccessorImpl.newInstance0(Native Method)
	at java.base/jdk.internal.reflect.NativeConstructorAccessorImpl.newInstance(NativeConstructorAccessorImpl.java:77)
	at java.base/jdk.internal.reflect.DelegatingConstructorAccessorImpl.newInstance(DelegatingConstructorAccessorImpl.java:45)
	at org.openqa.selenium.remote.http.W3CHttpResponseCodec.createException(W3CHttpResponseCodec.java:187)
	at org.openqa.selenium.remote.http.W3CHttpResponseCodec.decode(W3CHttpResponseCodec.java:122)
	at org.openqa.selenium.remote.http.W3CHttpResponseCodec.decode(W3CHttpResponseCodec.java:49)
	at org.openqa.selenium.remote.HttpCommandExecutor.execute(HttpCommandExecutor.java:158)
	at org.openqa.selenium.remote.service.DriverCommandExecutor.execute(DriverCommandExecutor.java:83)
	at org.openqa.selenium.remote.RemoteWebDriver.execute(RemoteWebDriver.java:552)
	at com.kms.katalon.selenium.driver.CChromeDriver.execute(CChromeDriver.java:19)
	at org.openqa.selenium.remote.RemoteWebDriver.findElements(RemoteWebDriver.java:353)
	at org.openqa.selenium.remote.RemoteWebDriver.findElementsByXPath(RemoteWebDriver.java:432)
	at org.openqa.selenium.By$ByXPath.findElements(By.java:348)
	at org.openqa.selenium.remote.RemoteWebDriver.findElements(RemoteWebDriver.java:311)
	at java.base/jdk.internal.reflect.NativeMethodAccessorImpl.invoke0(Native Method)
	at java.base/jdk.internal.reflect.NativeMethodAccessorImpl.invoke(NativeMethodAccessorImpl.java:77)
	at java.base/jdk.internal.reflect.DelegatingMethodAccessorImpl.invoke(DelegatingMethodAccessorImpl.java:43)
	at org.openqa.selenium.support.events.EventFiringWebDriver.lambda$new$1(EventFiringWebDriver.java:105)
	at jdk.proxy2/jdk.proxy2.$Proxy23.findElements(Unknown Source)
	at org.openqa.selenium.support.events.EventFiringWebDriver.findElements(EventFiringWebDriver.java:182)
	at com.kms.katalon.core.webui.common.WebUiCommonHelper.findElementByNormalMethods(WebUiCommonHelper.java:1025)
	at com.kms.katalon.core.webui.common.WebUiCommonHelper.findElementsBySelectedMethod(WebUiCommonHelper.java:915)
	at com.kms.katalon.core.webui.common.WebUiCommonHelper.findElementsBySelectedMethod(WebUiCommonHelper.java:897)
	at com.kms.katalon.core.webui.common.WebUiCommonHelper.findElementsBySelectedMethod(WebUiCommonHelper.java:892)
	at com.kms.katalon.core.webui.common.WebUiCommonHelper.findElementsByDefault(WebUiCommonHelper.java:888)
	at com.kms.katalon.core.webui.common.WebUiCommonHelper.findElementsWithSelfHealing(WebUiCommonHelper.java:734)
	at com.kms.katalon.core.webui.common.WebUiCommonHelper.findWebElements(WebUiCommonHelper.java:718)
	at com.kms.katalon.core.webui.common.WebUiCommonHelper.findWebElement(WebUiCommonHelper.java:1374)
	at com.kms.katalon.core.webui.keyword.internal.WebUIAbstractKeyword.findWebElement(WebUIAbstractKeyword.groovy:27)
	at com.kms.katalon.core.webui.keyword.builtin.ClickKeyword$_click_closure1.doCall(ClickKeyword.groovy:65)
	at com.kms.katalon.core.webui.keyword.builtin.ClickKeyword$_click_closure1.call(ClickKeyword.groovy)
	at com.kms.katalon.core.webui.keyword.internal.WebUIKeywordMain.runKeyword(WebUIKeywordMain.groovy:20)
	... 20 more]]></system-err>
   </testsuite>
</testsuites>
