<?xml version="1.0" encoding="UTF-8"?>
<testsuites name="Final Assignment - Account" time="106.0" tests="4" failures="0" errors="0">
   <testsuite name="Final Assignment - Account" tests="4" failures="0" errors="0" time="106.0" skipped="0" timestamp="12-02-2024T10:52:23" hostname="admin - localhost" id="Test Suites/Final Assignment - Account">
      <properties>
         <property name="deviceName" value=""/>
         <property name="devicePlatform" value=""/>
         <property name="logFolder" value="/Users/admin/git/assignment/Reports/20240212_105222/Final Assignment - Account/20240212_105222"/>
         <property name="logFiles" value="/Users/admin/git/assignment/Reports/20240212_105222/Final Assignment - Account/20240212_105222/execution0.log"/>
         <property name="attachments" value="/Users/admin/git/assignment/Reports/20240212_105222/Final Assignment - Account/20240212_105222/1707709986332.png"/>
         <property name="hostName" value="admin - localhost"/>
         <property name="os" value="Mac OS X 64bit"/>
         <property name="katalonVersion" value="9.3.0.212"/>
         <property name="browser" value="Chrome 117.0.0.0"/>
         <property name="hostAddress" value="127.0.0.1"/>
         <property name="sessionId" value="6f0db434b27339f33df1b426e8c3e57b"/>
         <property name="seleniumVersion" value="3.141.59"/>
         <property name="proxyInformation" value="ProxyInformation { proxyOption=NO_PROXY, proxyServerType=HTTP, username=, password=********, proxyServerAddress=, proxyServerPort=0, executionList=&quot;&quot;, isApplyToDesiredCapabilities=true }"/>
         <property name="platform" value="Mac OS X"/>
      </properties>
      <testcase name="Test Cases/Final Assignment - Login" time="32.457" classname="Test Cases/Final Assignment - Login" status="PASSED">
         <system-out><![CDATA[12-02-2024T10:52:23 - [TEST_CASE][PASSED] - Test Cases/Final Assignment - Login: Test Cases/Final Assignment - Login

12-02-2024T10:52:24 - [TEST_STEP][PASSED] - openBrowser(""): Browser is opened with url: ''

12-02-2024T10:52:24 - [MESSAGE][INFO] - Starting 'Chrome' driver

12-02-2024T10:52:24 - [MESSAGE][INFO] - Action delay is set to 0 milliseconds

12-02-2024T10:52:25 - [MESSAGE][PASSED] - Browser is opened with url: ''

12-02-2024T10:52:25 - [TEST_STEP][PASSED] - navigateToUrl("https://advantageonlineshopping.com/#/"): Navigate to 'https://advantageonlineshopping.com/#/' successfully

12-02-2024T10:52:32 - [MESSAGE][PASSED] - Navigate to 'https://advantageonlineshopping.com/#/' successfully

12-02-2024T10:52:32 - [TEST_STEP][PASSED] - click(findTestObject("Object Repository/Page_Advantage Shopping/svg_CHECKOUT  (0.00)_menuUser")): Object: 'Object Repository/Page_Advantage Shopping/svg_CHECKOUT  (0.00)_menuUser' is clicked on

12-02-2024T10:52:39 - [MESSAGE][PASSED] - Object: 'Object Repository/Page_Advantage Shopping/svg_CHECKOUT  (0.00)_menuUser' is clicked on

12-02-2024T10:52:39 - [TEST_STEP][PASSED] - setText(findTestObject("Object Repository/Page_Advantage Shopping/input_OR_username"), UserName): Text 'namuu' is set on object 'Object Repository/Page_Advantage Shopping/input_OR_username'

12-02-2024T10:52:40 - [MESSAGE][PASSED] - Text 'namuu' is set on object 'Object Repository/Page_Advantage Shopping/input_OR_username'

12-02-2024T10:52:40 - [TEST_STEP][PASSED] - click(findTestObject("Object Repository/Page_Advantage Shopping/label_Password")): Object: 'Object Repository/Page_Advantage Shopping/label_Password' is clicked on

12-02-2024T10:52:41 - [MESSAGE][PASSED] - Object: 'Object Repository/Page_Advantage Shopping/label_Password' is clicked on

12-02-2024T10:52:41 - [TEST_STEP][PASSED] - setText(findTestObject("Object Repository/Page_Advantage Shopping/input_Username_password"), Password): Text 'Halo1' is set on object 'Object Repository/Page_Advantage Shopping/input_Username_password'

12-02-2024T10:52:42 - [MESSAGE][PASSED] - Text 'Halo1' is set on object 'Object Repository/Page_Advantage Shopping/input_Username_password'

12-02-2024T10:52:42 - [TEST_STEP][PASSED] - if (rememberMe == "yes"): Object: 'Object Repository/Page_Advantage Shopping/input_Email_remember_me' is clicked on

12-02-2024T10:52:42 - [TEST_STEP][PASSED] - click(findTestObject("Object Repository/Page_Advantage Shopping/input_Email_remember_me")): Object: 'Object Repository/Page_Advantage Shopping/input_Email_remember_me' is clicked on

12-02-2024T10:52:43 - [MESSAGE][PASSED] - Object: 'Object Repository/Page_Advantage Shopping/input_Email_remember_me' is clicked on

12-02-2024T10:52:43 - [TEST_STEP][PASSED] - click(findTestObject("Object Repository/Page_Advantage Shopping/button_SIGN IN")): Object: 'Object Repository/Page_Advantage Shopping/button_SIGN IN' is clicked on

12-02-2024T10:52:43 - [MESSAGE][PASSED] - Object: 'Object Repository/Page_Advantage Shopping/button_SIGN IN' is clicked on

12-02-2024T10:52:43 - [TEST_STEP][PASSED] - click(findTestObject("Object Repository/Page_Advantage Shopping/span_namuu")): Object: 'Object Repository/Page_Advantage Shopping/span_namuu' is clicked on

12-02-2024T10:52:56 - [MESSAGE][PASSED] - Object: 'Object Repository/Page_Advantage Shopping/span_namuu' is clicked on]]></system-out>
         <system-err><![CDATA[]]></system-err>
      </testcase>
      <testcase name="Test Cases/Final Assignment - Login" time="21.97" classname="Test Cases/Final Assignment - Login" status="PASSED">
         <system-out><![CDATA[12-02-2024T10:53:06 - [TEST_CASE][PASSED] - Test Cases/Final Assignment - Login: Test Cases/Final Assignment - Login

12-02-2024T10:53:06 - [TEST_STEP][PASSED] - openBrowser(""): Browser is opened with url: ''

12-02-2024T10:53:06 - [MESSAGE][WARNING] - A browser is already opened. Closing browser and opening a new one

12-02-2024T10:53:06 - [MESSAGE][INFO] - Starting 'Chrome' driver

12-02-2024T10:53:06 - [MESSAGE][INFO] - Action delay is set to 0 milliseconds

12-02-2024T10:53:07 - [MESSAGE][PASSED] - Browser is opened with url: ''

12-02-2024T10:53:07 - [TEST_STEP][PASSED] - navigateToUrl("https://advantageonlineshopping.com/#/"): Navigate to 'https://advantageonlineshopping.com/#/' successfully

12-02-2024T10:53:09 - [MESSAGE][PASSED] - Navigate to 'https://advantageonlineshopping.com/#/' successfully

12-02-2024T10:53:09 - [TEST_STEP][PASSED] - click(findTestObject("Object Repository/Page_Advantage Shopping/svg_CHECKOUT  (0.00)_menuUser")): Object: 'Object Repository/Page_Advantage Shopping/svg_CHECKOUT  (0.00)_menuUser' is clicked on

12-02-2024T10:53:20 - [MESSAGE][PASSED] - Object: 'Object Repository/Page_Advantage Shopping/svg_CHECKOUT  (0.00)_menuUser' is clicked on

12-02-2024T10:53:20 - [TEST_STEP][PASSED] - setText(findTestObject("Object Repository/Page_Advantage Shopping/input_OR_username"), UserName): Text 'namasata' is set on object 'Object Repository/Page_Advantage Shopping/input_OR_username'

12-02-2024T10:53:21 - [MESSAGE][PASSED] - Text 'namasata' is set on object 'Object Repository/Page_Advantage Shopping/input_OR_username'

12-02-2024T10:53:21 - [TEST_STEP][PASSED] - click(findTestObject("Object Repository/Page_Advantage Shopping/label_Password")): Object: 'Object Repository/Page_Advantage Shopping/label_Password' is clicked on

12-02-2024T10:53:22 - [MESSAGE][PASSED] - Object: 'Object Repository/Page_Advantage Shopping/label_Password' is clicked on

12-02-2024T10:53:22 - [TEST_STEP][PASSED] - setText(findTestObject("Object Repository/Page_Advantage Shopping/input_Username_password"), Password): Text 'Hey123' is set on object 'Object Repository/Page_Advantage Shopping/input_Username_password'

12-02-2024T10:53:23 - [MESSAGE][PASSED] - Text 'Hey123' is set on object 'Object Repository/Page_Advantage Shopping/input_Username_password'

12-02-2024T10:53:23 - [TEST_STEP][PASSED] - if (rememberMe == "yes"): null

12-02-2024T10:53:23 - [TEST_STEP][PASSED] - else: null

12-02-2024T10:53:23 - [TEST_STEP][PASSED] - click(findTestObject("Object Repository/Page_Advantage Shopping/button_SIGN IN")): Object: 'Object Repository/Page_Advantage Shopping/button_SIGN IN' is clicked on

12-02-2024T10:53:23 - [MESSAGE][PASSED] - Object: 'Object Repository/Page_Advantage Shopping/button_SIGN IN' is clicked on

12-02-2024T10:53:23 - [TEST_STEP][PASSED] - click(findTestObject("Object Repository/Page_Advantage Shopping/span_namuu")): Object: 'Object Repository/Page_Advantage Shopping/span_namuu' is clicked on

12-02-2024T10:53:28 - [MESSAGE][PASSED] - Object: 'Object Repository/Page_Advantage Shopping/span_namuu' is clicked on]]></system-out>
         <system-err><![CDATA[]]></system-err>
      </testcase>
      <testcase name="Test Cases/Final Assignment - Login" time="18.652" classname="Test Cases/Final Assignment - Login" status="PASSED">
         <system-out><![CDATA[12-02-2024T10:53:28 - [TEST_CASE][PASSED] - Test Cases/Final Assignment - Login: Test Cases/Final Assignment - Login

12-02-2024T10:53:28 - [TEST_STEP][PASSED] - openBrowser(""): Browser is opened with url: ''

12-02-2024T10:53:28 - [MESSAGE][WARNING] - A browser is already opened. Closing browser and opening a new one

12-02-2024T10:53:28 - [MESSAGE][INFO] - Starting 'Chrome' driver

12-02-2024T10:53:28 - [MESSAGE][INFO] - Action delay is set to 0 milliseconds

12-02-2024T10:53:29 - [MESSAGE][PASSED] - Browser is opened with url: ''

12-02-2024T10:53:29 - [TEST_STEP][PASSED] - navigateToUrl("https://advantageonlineshopping.com/#/"): Navigate to 'https://advantageonlineshopping.com/#/' successfully

12-02-2024T10:53:33 - [MESSAGE][PASSED] - Navigate to 'https://advantageonlineshopping.com/#/' successfully

12-02-2024T10:53:33 - [TEST_STEP][PASSED] - click(findTestObject("Object Repository/Page_Advantage Shopping/svg_CHECKOUT  (0.00)_menuUser")): Object: 'Object Repository/Page_Advantage Shopping/svg_CHECKOUT  (0.00)_menuUser' is clicked on

12-02-2024T10:53:39 - [MESSAGE][PASSED] - Object: 'Object Repository/Page_Advantage Shopping/svg_CHECKOUT  (0.00)_menuUser' is clicked on

12-02-2024T10:53:39 - [TEST_STEP][PASSED] - setText(findTestObject("Object Repository/Page_Advantage Shopping/input_OR_username"), UserName): Text 'cieci' is set on object 'Object Repository/Page_Advantage Shopping/input_OR_username'

12-02-2024T10:53:40 - [MESSAGE][PASSED] - Text 'cieci' is set on object 'Object Repository/Page_Advantage Shopping/input_OR_username'

12-02-2024T10:53:40 - [TEST_STEP][PASSED] - click(findTestObject("Object Repository/Page_Advantage Shopping/label_Password")): Object: 'Object Repository/Page_Advantage Shopping/label_Password' is clicked on

12-02-2024T10:53:41 - [MESSAGE][PASSED] - Object: 'Object Repository/Page_Advantage Shopping/label_Password' is clicked on

12-02-2024T10:53:41 - [TEST_STEP][PASSED] - setText(findTestObject("Object Repository/Page_Advantage Shopping/input_Username_password"), Password): Text 'Cui123' is set on object 'Object Repository/Page_Advantage Shopping/input_Username_password'

12-02-2024T10:53:42 - [MESSAGE][PASSED] - Text 'Cui123' is set on object 'Object Repository/Page_Advantage Shopping/input_Username_password'

12-02-2024T10:53:42 - [TEST_STEP][PASSED] - if (rememberMe == "yes"): Object: 'Object Repository/Page_Advantage Shopping/input_Email_remember_me' is clicked on

12-02-2024T10:53:42 - [TEST_STEP][PASSED] - click(findTestObject("Object Repository/Page_Advantage Shopping/input_Email_remember_me")): Object: 'Object Repository/Page_Advantage Shopping/input_Email_remember_me' is clicked on

12-02-2024T10:53:42 - [MESSAGE][PASSED] - Object: 'Object Repository/Page_Advantage Shopping/input_Email_remember_me' is clicked on

12-02-2024T10:53:42 - [TEST_STEP][PASSED] - click(findTestObject("Object Repository/Page_Advantage Shopping/button_SIGN IN")): Object: 'Object Repository/Page_Advantage Shopping/button_SIGN IN' is clicked on

12-02-2024T10:53:43 - [MESSAGE][PASSED] - Object: 'Object Repository/Page_Advantage Shopping/button_SIGN IN' is clicked on

12-02-2024T10:53:43 - [TEST_STEP][PASSED] - click(findTestObject("Object Repository/Page_Advantage Shopping/span_namuu")): Object: 'Object Repository/Page_Advantage Shopping/span_namuu' is clicked on

12-02-2024T10:53:47 - [MESSAGE][PASSED] - Object: 'Object Repository/Page_Advantage Shopping/span_namuu' is clicked on]]></system-out>
         <system-err><![CDATA[]]></system-err>
      </testcase>
      <testcase name="Test Cases/Final Assignment - Login" time="22.513" classname="Test Cases/Final Assignment - Login" status="PASSED">
         <system-out><![CDATA[12-02-2024T10:53:47 - [TEST_CASE][PASSED] - Test Cases/Final Assignment - Login: Test Cases/Final Assignment - Login

12-02-2024T10:53:47 - [TEST_STEP][PASSED] - openBrowser(""): Browser is opened with url: ''

12-02-2024T10:53:47 - [MESSAGE][WARNING] - A browser is already opened. Closing browser and opening a new one

12-02-2024T10:53:47 - [MESSAGE][INFO] - Starting 'Chrome' driver

12-02-2024T10:53:47 - [MESSAGE][INFO] - Action delay is set to 0 milliseconds

12-02-2024T10:53:48 - [MESSAGE][PASSED] - Browser is opened with url: ''

12-02-2024T10:53:48 - [TEST_STEP][PASSED] - navigateToUrl("https://advantageonlineshopping.com/#/"): Navigate to 'https://advantageonlineshopping.com/#/' successfully

12-02-2024T10:53:52 - [MESSAGE][PASSED] - Navigate to 'https://advantageonlineshopping.com/#/' successfully

12-02-2024T10:53:52 - [TEST_STEP][PASSED] - click(findTestObject("Object Repository/Page_Advantage Shopping/svg_CHECKOUT  (0.00)_menuUser")): Object: 'Object Repository/Page_Advantage Shopping/svg_CHECKOUT  (0.00)_menuUser' is clicked on

12-02-2024T10:53:56 - [MESSAGE][PASSED] - Object: 'Object Repository/Page_Advantage Shopping/svg_CHECKOUT  (0.00)_menuUser' is clicked on

12-02-2024T10:53:56 - [TEST_STEP][PASSED] - setText(findTestObject("Object Repository/Page_Advantage Shopping/input_OR_username"), UserName): Text 'testinglagi' is set on object 'Object Repository/Page_Advantage Shopping/input_OR_username'

12-02-2024T10:53:57 - [MESSAGE][PASSED] - Text 'testinglagi' is set on object 'Object Repository/Page_Advantage Shopping/input_OR_username'

12-02-2024T10:53:57 - [TEST_STEP][PASSED] - click(findTestObject("Object Repository/Page_Advantage Shopping/label_Password")): Object: 'Object Repository/Page_Advantage Shopping/label_Password' is clicked on

12-02-2024T10:53:58 - [MESSAGE][PASSED] - Object: 'Object Repository/Page_Advantage Shopping/label_Password' is clicked on

12-02-2024T10:53:58 - [TEST_STEP][PASSED] - setText(findTestObject("Object Repository/Page_Advantage Shopping/input_Username_password"), Password): Text 'P@ssw0rd' is set on object 'Object Repository/Page_Advantage Shopping/input_Username_password'

12-02-2024T10:53:59 - [MESSAGE][PASSED] - Text 'P@ssw0rd' is set on object 'Object Repository/Page_Advantage Shopping/input_Username_password'

12-02-2024T10:53:59 - [TEST_STEP][PASSED] - if (rememberMe == "yes"): null

12-02-2024T10:53:59 - [TEST_STEP][PASSED] - else: null

12-02-2024T10:53:59 - [TEST_STEP][PASSED] - click(findTestObject("Object Repository/Page_Advantage Shopping/button_SIGN IN")): Object: 'Object Repository/Page_Advantage Shopping/button_SIGN IN' is clicked on

12-02-2024T10:54:00 - [MESSAGE][PASSED] - Object: 'Object Repository/Page_Advantage Shopping/button_SIGN IN' is clicked on

12-02-2024T10:54:00 - [TEST_STEP][PASSED] - click(findTestObject("Object Repository/Page_Advantage Shopping/span_namuu")): Object: 'Object Repository/Page_Advantage Shopping/span_namuu' is clicked on

12-02-2024T10:54:09 - [MESSAGE][PASSED] - Object: 'Object Repository/Page_Advantage Shopping/span_namuu' is clicked on]]></system-out>
         <system-err><![CDATA[]]></system-err>
      </testcase>
      <system-out><![CDATA[12-02-2024T10:52:23 - [TEST_SUITE][FAILED] - Final Assignment - Account: Test Cases/Final Assignment - Login FAILED.
Reason:
com.kms.katalon.core.exception.StepFailedException: Unable to set text 'namasata' of object 'Object Repository/Page_Advantage Shopping/input_OR_username'
	at com.kms.katalon.core.webui.keyword.internal.WebUIKeywordMain.stepFailed(WebUIKeywordMain.groovy:64)
	at com.kms.katalon.core.webui.keyword.internal.WebUIKeywordMain.runKeyword(WebUIKeywordMain.groovy:26)
	at com.kms.katalon.core.webui.keyword.builtin.SetTextKeyword.setText(SetTextKeyword.groovy:85)
	at com.kms.katalon.core.webui.keyword.builtin.SetTextKeyword.execute(SetTextKeyword.groovy:39)
	at com.kms.katalon.core.keyword.internal.KeywordExecutor.executeKeywordForPlatform(KeywordExecutor.groovy:74)
	at com.kms.katalon.core.webui.keyword.WebUiBuiltInKeywords.setText(WebUiBuiltInKeywords.groovy:1019)
	at Final Assignment - Login.run(Final Assignment - Login:26)
	at com.kms.katalon.core.main.ScriptEngine.run(ScriptEngine.java:194)
	at com.kms.katalon.core.main.ScriptEngine.runScriptAsRawText(ScriptEngine.java:119)
	at com.kms.katalon.core.main.TestCaseExecutor.runScript(TestCaseExecutor.java:448)
	at com.kms.katalon.core.main.TestCaseExecutor.doExecute(TestCaseExecutor.java:439)
	at com.kms.katalon.core.main.TestCaseExecutor.processExecutionPhase(TestCaseExecutor.java:418)
	at com.kms.katalon.core.main.TestCaseExecutor.accessMainPhase(TestCaseExecutor.java:410)
	at com.kms.katalon.core.main.TestCaseExecutor.execute(TestCaseExecutor.java:285)
	at com.kms.katalon.core.common.CommonExecutor.accessTestCaseMainPhase(CommonExecutor.java:65)
	at com.kms.katalon.core.main.TestSuiteExecutor.accessTestSuiteMainPhase(TestSuiteExecutor.java:148)
	at com.kms.katalon.core.main.TestSuiteExecutor.execute(TestSuiteExecutor.java:106)
	at com.kms.katalon.core.main.TestCaseMain.startTestSuite(TestCaseMain.java:180)
	at TempTestSuite1707709942331.run(TempTestSuite1707709942331.groovy:36)
	at java.base/jdk.internal.reflect.NativeMethodAccessorImpl.invoke0(Native Method)
	at java.base/jdk.internal.reflect.NativeMethodAccessorImpl.invoke(NativeMethodAccessorImpl.java:77)
	at java.base/jdk.internal.reflect.DelegatingMethodAccessorImpl.invoke(DelegatingMethodAccessorImpl.java:43)
Caused by: org.openqa.selenium.ElementNotInteractableException: element not interactable
  (Session info: chrome=117.0.5938.132)
Build info: version: '3.141.59', revision: 'e82be7d358', time: '2018-11-14T08:25:53'
System info: host: 'Admins-MacBook-Pro.local', ip: 'fe80:0:0:0:14ff:2403:b080:28c8%en0', os.name: 'Mac OS X', os.arch: 'aarch64', os.version: '14.3', java.version: '17.0.7'
Driver info: com.kms.katalon.selenium.driver.CChromeDriver
Capabilities {acceptInsecureCerts: false, browserName: chrome, browserVersion: 117.0.5938.132, chrome: {chromedriverVersion: 117.0.5938.149 (e3344ddefa1..., userDataDir: /var/folders/r1/7_mb_1713j7...}, fedcm:accounts: true, goog:chromeOptions: {debuggerAddress: localhost:52762}, javascriptEnabled: true, networkConnectionEnabled: false, pageLoadStrategy: normal, platform: MAC, platformName: MAC, proxy: Proxy(), setWindowRect: true, strictFileInteractability: false, timeouts: {implicit: 0, pageLoad: 300000, script: 30000}, unhandledPromptBehavior: dismiss and notify, webauthn:extension:credBlob: true, webauthn:extension:largeBlob: true, webauthn:extension:minPinLength: true, webauthn:extension:prf: true, webauthn:virtualAuthenticators: true}
Session ID: cefd9964ec373ec05ad3f61258453959
	at java.base/jdk.internal.reflect.NativeConstructorAccessorImpl.newInstance0(Native Method)
	at java.base/jdk.internal.reflect.NativeConstructorAccessorImpl.newInstance(NativeConstructorAccessorImpl.java:77)
	at java.base/jdk.internal.reflect.DelegatingConstructorAccessorImpl.newInstance(DelegatingConstructorAccessorImpl.java:45)
	at org.openqa.selenium.remote.http.W3CHttpResponseCodec.createException(W3CHttpResponseCodec.java:187)
	at org.openqa.selenium.remote.http.W3CHttpResponseCodec.decode(W3CHttpResponseCodec.java:122)
	at org.openqa.selenium.remote.http.W3CHttpResponseCodec.decode(W3CHttpResponseCodec.java:49)
	at org.openqa.selenium.remote.HttpCommandExecutor.execute(HttpCommandExecutor.java:158)
	at org.openqa.selenium.remote.service.DriverCommandExecutor.execute(DriverCommandExecutor.java:83)
	at org.openqa.selenium.remote.RemoteWebDriver.execute(RemoteWebDriver.java:552)
	at com.kms.katalon.selenium.driver.CChromeDriver.execute(CChromeDriver.java:19)
	at org.openqa.selenium.remote.RemoteWebElement.execute(RemoteWebElement.java:285)
	at org.openqa.selenium.remote.RemoteWebElement.clear(RemoteWebElement.java:124)
	at java.base/jdk.internal.reflect.NativeMethodAccessorImpl.invoke0(Native Method)
	at java.base/jdk.internal.reflect.NativeMethodAccessorImpl.invoke(NativeMethodAccessorImpl.java:77)
	at java.base/jdk.internal.reflect.DelegatingMethodAccessorImpl.invoke(DelegatingMethodAccessorImpl.java:43)
	at org.openqa.selenium.support.events.EventFiringWebDriver$EventFiringWebElement.lambda$new$0(EventFiringWebDriver.java:404)
	at jdk.proxy2/jdk.proxy2.$Proxy24.clear(Unknown Source)
	at org.openqa.selenium.support.events.EventFiringWebDriver$EventFiringWebElement.clear(EventFiringWebDriver.java:436)
	at com.kms.katalon.core.webui.keyword.builtin.SetTextKeyword$_setText_closure1.doCall(SetTextKeyword.groovy:55)
	at com.kms.katalon.core.webui.keyword.builtin.SetTextKeyword$_setText_closure1.call(SetTextKeyword.groovy)
	at com.kms.katalon.core.webui.keyword.internal.WebUIKeywordMain.runKeyword(WebUIKeywordMain.groovy:20)
	... 20 more]]></system-out>
      <system-err><![CDATA[12-02-2024T10:52:23 - [TEST_SUITE][FAILED] - Final Assignment - Account: Test Cases/Final Assignment - Login FAILED.
Reason:
com.kms.katalon.core.exception.StepFailedException: Unable to set text 'namasata' of object 'Object Repository/Page_Advantage Shopping/input_OR_username'
	at com.kms.katalon.core.webui.keyword.internal.WebUIKeywordMain.stepFailed(WebUIKeywordMain.groovy:64)
	at com.kms.katalon.core.webui.keyword.internal.WebUIKeywordMain.runKeyword(WebUIKeywordMain.groovy:26)
	at com.kms.katalon.core.webui.keyword.builtin.SetTextKeyword.setText(SetTextKeyword.groovy:85)
	at com.kms.katalon.core.webui.keyword.builtin.SetTextKeyword.execute(SetTextKeyword.groovy:39)
	at com.kms.katalon.core.keyword.internal.KeywordExecutor.executeKeywordForPlatform(KeywordExecutor.groovy:74)
	at com.kms.katalon.core.webui.keyword.WebUiBuiltInKeywords.setText(WebUiBuiltInKeywords.groovy:1019)
	at Final Assignment - Login.run(Final Assignment - Login:26)
	at com.kms.katalon.core.main.ScriptEngine.run(ScriptEngine.java:194)
	at com.kms.katalon.core.main.ScriptEngine.runScriptAsRawText(ScriptEngine.java:119)
	at com.kms.katalon.core.main.TestCaseExecutor.runScript(TestCaseExecutor.java:448)
	at com.kms.katalon.core.main.TestCaseExecutor.doExecute(TestCaseExecutor.java:439)
	at com.kms.katalon.core.main.TestCaseExecutor.processExecutionPhase(TestCaseExecutor.java:418)
	at com.kms.katalon.core.main.TestCaseExecutor.accessMainPhase(TestCaseExecutor.java:410)
	at com.kms.katalon.core.main.TestCaseExecutor.execute(TestCaseExecutor.java:285)
	at com.kms.katalon.core.common.CommonExecutor.accessTestCaseMainPhase(CommonExecutor.java:65)
	at com.kms.katalon.core.main.TestSuiteExecutor.accessTestSuiteMainPhase(TestSuiteExecutor.java:148)
	at com.kms.katalon.core.main.TestSuiteExecutor.execute(TestSuiteExecutor.java:106)
	at com.kms.katalon.core.main.TestCaseMain.startTestSuite(TestCaseMain.java:180)
	at TempTestSuite1707709942331.run(TempTestSuite1707709942331.groovy:36)
	at java.base/jdk.internal.reflect.NativeMethodAccessorImpl.invoke0(Native Method)
	at java.base/jdk.internal.reflect.NativeMethodAccessorImpl.invoke(NativeMethodAccessorImpl.java:77)
	at java.base/jdk.internal.reflect.DelegatingMethodAccessorImpl.invoke(DelegatingMethodAccessorImpl.java:43)
Caused by: org.openqa.selenium.ElementNotInteractableException: element not interactable
  (Session info: chrome=117.0.5938.132)
Build info: version: '3.141.59', revision: 'e82be7d358', time: '2018-11-14T08:25:53'
System info: host: 'Admins-MacBook-Pro.local', ip: 'fe80:0:0:0:14ff:2403:b080:28c8%en0', os.name: 'Mac OS X', os.arch: 'aarch64', os.version: '14.3', java.version: '17.0.7'
Driver info: com.kms.katalon.selenium.driver.CChromeDriver
Capabilities {acceptInsecureCerts: false, browserName: chrome, browserVersion: 117.0.5938.132, chrome: {chromedriverVersion: 117.0.5938.149 (e3344ddefa1..., userDataDir: /var/folders/r1/7_mb_1713j7...}, fedcm:accounts: true, goog:chromeOptions: {debuggerAddress: localhost:52762}, javascriptEnabled: true, networkConnectionEnabled: false, pageLoadStrategy: normal, platform: MAC, platformName: MAC, proxy: Proxy(), setWindowRect: true, strictFileInteractability: false, timeouts: {implicit: 0, pageLoad: 300000, script: 30000}, unhandledPromptBehavior: dismiss and notify, webauthn:extension:credBlob: true, webauthn:extension:largeBlob: true, webauthn:extension:minPinLength: true, webauthn:extension:prf: true, webauthn:virtualAuthenticators: true}
Session ID: cefd9964ec373ec05ad3f61258453959
	at java.base/jdk.internal.reflect.NativeConstructorAccessorImpl.newInstance0(Native Method)
	at java.base/jdk.internal.reflect.NativeConstructorAccessorImpl.newInstance(NativeConstructorAccessorImpl.java:77)
	at java.base/jdk.internal.reflect.DelegatingConstructorAccessorImpl.newInstance(DelegatingConstructorAccessorImpl.java:45)
	at org.openqa.selenium.remote.http.W3CHttpResponseCodec.createException(W3CHttpResponseCodec.java:187)
	at org.openqa.selenium.remote.http.W3CHttpResponseCodec.decode(W3CHttpResponseCodec.java:122)
	at org.openqa.selenium.remote.http.W3CHttpResponseCodec.decode(W3CHttpResponseCodec.java:49)
	at org.openqa.selenium.remote.HttpCommandExecutor.execute(HttpCommandExecutor.java:158)
	at org.openqa.selenium.remote.service.DriverCommandExecutor.execute(DriverCommandExecutor.java:83)
	at org.openqa.selenium.remote.RemoteWebDriver.execute(RemoteWebDriver.java:552)
	at com.kms.katalon.selenium.driver.CChromeDriver.execute(CChromeDriver.java:19)
	at org.openqa.selenium.remote.RemoteWebElement.execute(RemoteWebElement.java:285)
	at org.openqa.selenium.remote.RemoteWebElement.clear(RemoteWebElement.java:124)
	at java.base/jdk.internal.reflect.NativeMethodAccessorImpl.invoke0(Native Method)
	at java.base/jdk.internal.reflect.NativeMethodAccessorImpl.invoke(NativeMethodAccessorImpl.java:77)
	at java.base/jdk.internal.reflect.DelegatingMethodAccessorImpl.invoke(DelegatingMethodAccessorImpl.java:43)
	at org.openqa.selenium.support.events.EventFiringWebDriver$EventFiringWebElement.lambda$new$0(EventFiringWebDriver.java:404)
	at jdk.proxy2/jdk.proxy2.$Proxy24.clear(Unknown Source)
	at org.openqa.selenium.support.events.EventFiringWebDriver$EventFiringWebElement.clear(EventFiringWebDriver.java:436)
	at com.kms.katalon.core.webui.keyword.builtin.SetTextKeyword$_setText_closure1.doCall(SetTextKeyword.groovy:55)
	at com.kms.katalon.core.webui.keyword.builtin.SetTextKeyword$_setText_closure1.call(SetTextKeyword.groovy)
	at com.kms.katalon.core.webui.keyword.internal.WebUIKeywordMain.runKeyword(WebUIKeywordMain.groovy:20)
	... 20 more]]></system-err>
   </testsuite>
</testsuites>
